2002.01.09 17:52 B d:\projects\centerline\Inventory project\images\map\bottomTAG.gif <-- Leverage /leverage/Htdocs/projects/centerline/samples/images/map bottomTAG.gif
2002.01.09 17:52 B d:\projects\centerline\Inventory project\images\map\admin copy.gif --> ftp.leveragetech.com /leverage/Htdocs/projects/centerline/samples/images/map admin copy.gif
2002.01.09 17:52 B d:\projects\centerline\Inventory project\images\map\admin.gif --> ftp.leveragetech.com /leverage/Htdocs/projects/centerline/samples/images/map admin.gif
2002.01.09 17:52 B d:\projects\centerline\Inventory project\images\map\bottomTAG.gif --> ftp.leveragetech.com /leverage/Htdocs/projects/centerline/samples/images/map bottomTAG.gif
2002.01.09 17:52 B d:\projects\centerline\Inventory project\images\map\customer.gif --> ftp.leveragetech.com /leverage/Htdocs/projects/centerline/samples/images/map customer.gif
2002.01.09 17:52 B d:\projects\centerline\Inventory project\images\map\customer_add.gif --> ftp.leveragetech.com /leverage/Htdocs/projects/centerline/samples/images/map customer_add.gif
2002.01.09 17:52 B d:\projects\centerline\Inventory project\images\map\customer_view.gif --> ftp.leveragetech.com /leverage/Htdocs/projects/centerline/samples/images/map customer_view.gif
2002.01.09 17:52 B d:\projects\centerline\Inventory project\images\map\mid_mid.gif --> ftp.leveragetech.com /leverage/Htdocs/projects/centerline/samples/images/map mid_mid.gif
2002.01.09 17:52 B d:\projects\centerline\Inventory project\images\map\mid_mid_admin.gif --> ftp.leveragetech.com /leverage/Htdocs/projects/centerline/samples/images/map mid_mid_admin.gif
2002.01.09 17:52 B d:\projects\centerline\Inventory project\images\map\mid_mid_customer.gif --> ftp.leveragetech.com /leverage/Htdocs/projects/centerline/samples/images/map mid_mid_customer.gif
2002.01.09 17:52 B d:\projects\centerline\Inventory project\images\map\mid_mid_customer_view.gif --> ftp.leveragetech.com /leverage/Htdocs/projects/centerline/samples/images/map mid_mid_customer_view.gif
2002.01.09 17:52 B d:\projects\centerline\Inventory project\images\map\mid_mid_po.gif --> ftp.leveragetech.com /leverage/Htdocs/projects/centerline/samples/images/map mid_mid_po.gif
2002.01.09 17:52 B d:\projects\centerline\Inventory project\images\map\mid_mid_po_view.gif --> ftp.leveragetech.com /leverage/Htdocs/projects/centerline/samples/images/map mid_mid_po_view.gif
2002.01.09 17:52 B d:\projects\centerline\Inventory project\images\map\mid_mid_project.gif --> ftp.leveragetech.com /leverage/Htdocs/projects/centerline/samples/images/map mid_mid_project.gif
2002.01.09 17:52 B d:\projects\centerline\Inventory project\images\map\mid_mid_project_view.gif --> ftp.leveragetech.com /leverage/Htdocs/projects/centerline/samples/images/map mid_mid_project_view.gif
2002.01.09 17:52 B d:\projects\centerline\Inventory project\images\map\mid_mid_quote.gif --> ftp.leveragetech.com /leverage/Htdocs/projects/centerline/samples/images/map mid_mid_quote.gif
2002.01.09 17:52 B d:\projects\centerline\Inventory project\images\map\mid_mid_quote_view.gif --> ftp.leveragetech.com /leverage/Htdocs/projects/centerline/samples/images/map mid_mid_quote_view.gif
2002.01.09 17:52 B d:\projects\centerline\Inventory project\images\map\mid_mid_reports.gif --> ftp.leveragetech.com /leverage/Htdocs/projects/centerline/samples/images/map mid_mid_reports.gif
2002.01.09 17:52 B d:\projects\centerline\Inventory project\images\map\mid_mid_spindle.gif --> ftp.leveragetech.com /leverage/Htdocs/projects/centerline/samples/images/map mid_mid_spindle.gif
2002.01.09 17:52 B d:\projects\centerline\Inventory project\images\map\mid_mid_spindle_view.gif --> ftp.leveragetech.com /leverage/Htdocs/projects/centerline/samples/images/map mid_mid_spindle_view.gif
2002.01.09 17:52 B d:\projects\centerline\Inventory project\images\map\mid_mid_work_order.gif --> ftp.leveragetech.com /leverage/Htdocs/projects/centerline/samples/images/map mid_mid_work_order.gif
2002.01.09 17:52 B d:\projects\centerline\Inventory project\images\map\mid_mid_work_order_view.gif --> ftp.leveragetech.com /leverage/Htdocs/projects/centerline/samples/images/map mid_mid_work_order_view.gif
2002.01.09 17:52 B d:\projects\centerline\Inventory project\images\map\po.gif --> ftp.leveragetech.com /leverage/Htdocs/projects/centerline/samples/images/map po.gif
2002.01.09 17:52 B d:\projects\centerline\Inventory project\images\map\po_add.gif --> ftp.leveragetech.com /leverage/Htdocs/projects/centerline/samples/images/map po_add.gif
2002.01.09 17:52 B d:\projects\centerline\Inventory project\images\map\po_view.gif --> ftp.leveragetech.com /leverage/Htdocs/projects/centerline/samples/images/map po_view.gif
2002.01.09 17:52 B d:\projects\centerline\Inventory project\images\map\project.gif --> ftp.leveragetech.com /leverage/Htdocs/projects/centerline/samples/images/map project.gif
2002.01.09 17:52 B d:\projects\centerline\Inventory project\images\map\project_add.gif --> ftp.leveragetech.com /leverage/Htdocs/projects/centerline/samples/images/map project_add.gif
2002.01.09 17:52 B d:\projects\centerline\Inventory project\images\map\project_view.gif --> ftp.leveragetech.com /leverage/Htdocs/projects/centerline/samples/images/map project_view.gif
2002.01.09 17:52 B d:\projects\centerline\Inventory project\images\map\quote.gif --> ftp.leveragetech.com /leverage/Htdocs/projects/centerline/samples/images/map quote.gif
2002.01.09 17:52 B d:\projects\centerline\Inventory project\images\map\quote_add.gif --> ftp.leveragetech.com /leverage/Htdocs/projects/centerline/samples/images/map quote_add.gif
2002.01.09 17:52 B d:\projects\centerline\Inventory project\images\map\quote_view.gif --> ftp.leveragetech.com /leverage/Htdocs/projects/centerline/samples/images/map quote_view.gif
2002.01.09 17:52 B d:\projects\centerline\Inventory project\images\map\reports.gif --> ftp.leveragetech.com /leverage/Htdocs/projects/centerline/samples/images/map reports.gif
2002.01.09 17:52 B d:\projects\centerline\Inventory project\images\map\spindle.gif --> ftp.leveragetech.com /leverage/Htdocs/projects/centerline/samples/images/map spindle.gif
2002.01.09 17:52 B d:\projects\centerline\Inventory project\images\map\spindle_add.gif --> ftp.leveragetech.com /leverage/Htdocs/projects/centerline/samples/images/map spindle_add.gif
2002.01.09 17:52 B d:\projects\centerline\Inventory project\images\map\spindle_view.gif --> ftp.leveragetech.com /leverage/Htdocs/projects/centerline/samples/images/map spindle_view.gif
2002.01.09 17:52 B d:\projects\centerline\Inventory project\images\map\work_order.gif --> ftp.leveragetech.com /leverage/Htdocs/projects/centerline/samples/images/map work_order.gif
2002.01.09 17:52 B d:\projects\centerline\Inventory project\images\map\work_order_add.gif --> ftp.leveragetech.com /leverage/Htdocs/projects/centerline/samples/images/map work_order_add.gif
2002.01.09 17:52 B d:\projects\centerline\Inventory project\images\map\work_order_view.gif --> ftp.leveragetech.com /leverage/Htdocs/projects/centerline/samples/images/map work_order_view.gif
2002.01.09 17:54 B d:\projects\centerline\Inventory project\images\map\bottomTAG.gif <-- Leverage /leverage/Htdocs/projects/centerline/live/images/map bottomTAG.gif
2002.01.09 17:55 B d:\projects\centerline\Inventory project\images\map\bottomTAG.gif --> ftp.leveragetech.com /leverage/Htdocs/projects/centerline/samples/images/map bottomTAG.gif
2002.06.14 19:10 B C:\Inetpub\wwwroot\images\map\mid_mid_work_order_add.gif --> ftp.leveragetech.com /wwwroot/projects/centerline/live/web backup/06142002/wwwroot/images/map mid_mid_work_order_add.gif
2002.06.14 19:10 B C:\Inetpub\wwwroot\images\map\mid_mid_spindle_add.gif --> ftp.leveragetech.com /wwwroot/projects/centerline/live/web backup/06142002/wwwroot/images/map mid_mid_spindle_add.gif
2002.06.14 19:10 B C:\Inetpub\wwwroot\images\map\mid_mid_quote_add.gif --> ftp.leveragetech.com /wwwroot/projects/centerline/live/web backup/06142002/wwwroot/images/map mid_mid_quote_add.gif
2002.06.14 19:10 B C:\Inetpub\wwwroot\images\map\mid_mid_project_add.gif --> ftp.leveragetech.com /wwwroot/projects/centerline/live/web backup/06142002/wwwroot/images/map mid_mid_project_add.gif
2002.06.14 19:10 B C:\Inetpub\wwwroot\images\map\mid_mid_po_add.gif --> ftp.leveragetech.com /wwwroot/projects/centerline/live/web backup/06142002/wwwroot/images/map mid_mid_po_add.gif
2002.06.14 19:10 B C:\Inetpub\wwwroot\images\map\mid_mid_customer_add.gif --> ftp.leveragetech.com /wwwroot/projects/centerline/live/web backup/06142002/wwwroot/images/map mid_mid_customer_add.gif
2002.06.14 19:10 B C:\Inetpub\wwwroot\images\map\WS_FTP.LOG --> ftp.leveragetech.com /wwwroot/projects/centerline/live/web backup/06142002/wwwroot/images/map WS_FTP.LOG
2002.06.14 19:10 B C:\Inetpub\wwwroot\images\map\work_order_view.gif --> ftp.leveragetech.com /wwwroot/projects/centerline/live/web backup/06142002/wwwroot/images/map work_order_view.gif
2002.06.14 19:10 B C:\Inetpub\wwwroot\images\map\work_order_add.gif --> ftp.leveragetech.com /wwwroot/projects/centerline/live/web backup/06142002/wwwroot/images/map work_order_add.gif
2002.06.14 19:10 B C:\Inetpub\wwwroot\images\map\work_order.gif --> ftp.leveragetech.com /wwwroot/projects/centerline/live/web backup/06142002/wwwroot/images/map work_order.gif
2002.06.14 19:10 B C:\Inetpub\wwwroot\images\map\spindle_view.gif --> ftp.leveragetech.com /wwwroot/projects/centerline/live/web backup/06142002/wwwroot/images/map spindle_view.gif
2002.06.14 19:10 B C:\Inetpub\wwwroot\images\map\spindle_add.gif --> ftp.leveragetech.com /wwwroot/projects/centerline/live/web backup/06142002/wwwroot/images/map spindle_add.gif
2002.06.14 19:10 B C:\Inetpub\wwwroot\images\map\spindle.gif --> ftp.leveragetech.com /wwwroot/projects/centerline/live/web backup/06142002/wwwroot/images/map spindle.gif
2002.06.14 19:10 B C:\Inetpub\wwwroot\images\map\reports.gif --> ftp.leveragetech.com /wwwroot/projects/centerline/live/web backup/06142002/wwwroot/images/map reports.gif
2002.06.14 19:10 B C:\Inetpub\wwwroot\images\map\quote_view.gif --> ftp.leveragetech.com /wwwroot/projects/centerline/live/web backup/06142002/wwwroot/images/map quote_view.gif
2002.06.14 19:10 B C:\Inetpub\wwwroot\images\map\quote_add.gif --> ftp.leveragetech.com /wwwroot/projects/centerline/live/web backup/06142002/wwwroot/images/map quote_add.gif
2002.06.14 19:10 B C:\Inetpub\wwwroot\images\map\quote.gif --> ftp.leveragetech.com /wwwroot/projects/centerline/live/web backup/06142002/wwwroot/images/map quote.gif
2002.06.14 19:10 B C:\Inetpub\wwwroot\images\map\project_view.gif --> ftp.leveragetech.com /wwwroot/projects/centerline/live/web backup/06142002/wwwroot/images/map project_view.gif
2002.06.14 19:10 B C:\Inetpub\wwwroot\images\map\project_add.gif --> ftp.leveragetech.com /wwwroot/projects/centerline/live/web backup/06142002/wwwroot/images/map project_add.gif
2002.06.14 19:10 B C:\Inetpub\wwwroot\images\map\project.gif --> ftp.leveragetech.com /wwwroot/projects/centerline/live/web backup/06142002/wwwroot/images/map project.gif
2002.06.14 19:10 B C:\Inetpub\wwwroot\images\map\po_view.gif --> ftp.leveragetech.com /wwwroot/projects/centerline/live/web backup/06142002/wwwroot/images/map po_view.gif
2002.06.14 19:10 B C:\Inetpub\wwwroot\images\map\po_add.gif --> ftp.leveragetech.com /wwwroot/projects/centerline/live/web backup/06142002/wwwroot/images/map po_add.gif
2002.06.14 19:10 B C:\Inetpub\wwwroot\images\map\po.gif --> ftp.leveragetech.com /wwwroot/projects/centerline/live/web backup/06142002/wwwroot/images/map po.gif
2002.06.14 19:10 B C:\Inetpub\wwwroot\images\map\mid_mid_work_order_view.gif --> ftp.leveragetech.com /wwwroot/projects/centerline/live/web backup/06142002/wwwroot/images/map mid_mid_work_order_view.gif
2002.06.14 19:10 B C:\Inetpub\wwwroot\images\map\mid_mid_work_order.gif --> ftp.leveragetech.com /wwwroot/projects/centerline/live/web backup/06142002/wwwroot/images/map mid_mid_work_order.gif
2002.06.14 19:10 B C:\Inetpub\wwwroot\images\map\mid_mid_spindle_view.gif --> ftp.leveragetech.com /wwwroot/projects/centerline/live/web backup/06142002/wwwroot/images/map mid_mid_spindle_view.gif
2002.06.14 19:10 B C:\Inetpub\wwwroot\images\map\mid_mid_spindle.gif --> ftp.leveragetech.com /wwwroot/projects/centerline/live/web backup/06142002/wwwroot/images/map mid_mid_spindle.gif
2002.06.14 19:10 B C:\Inetpub\wwwroot\images\map\mid_mid_reports.gif --> ftp.leveragetech.com /wwwroot/projects/centerline/live/web backup/06142002/wwwroot/images/map mid_mid_reports.gif
2002.06.14 19:10 B C:\Inetpub\wwwroot\images\map\mid_mid_quote_view.gif --> ftp.leveragetech.com /wwwroot/projects/centerline/live/web backup/06142002/wwwroot/images/map mid_mid_quote_view.gif
2002.06.14 19:10 B C:\Inetpub\wwwroot\images\map\mid_mid_quote.gif --> ftp.leveragetech.com /wwwroot/projects/centerline/live/web backup/06142002/wwwroot/images/map mid_mid_quote.gif
2002.06.14 19:10 B C:\Inetpub\wwwroot\images\map\mid_mid_project_view.gif --> ftp.leveragetech.com /wwwroot/projects/centerline/live/web backup/06142002/wwwroot/images/map mid_mid_project_view.gif
2002.06.14 19:10 B C:\Inetpub\wwwroot\images\map\mid_mid_project.gif --> ftp.leveragetech.com /wwwroot/projects/centerline/live/web backup/06142002/wwwroot/images/map mid_mid_project.gif
2002.06.14 19:10 B C:\Inetpub\wwwroot\images\map\mid_mid_po_view.gif --> ftp.leveragetech.com /wwwroot/projects/centerline/live/web backup/06142002/wwwroot/images/map mid_mid_po_view.gif
2002.06.14 19:10 B C:\Inetpub\wwwroot\images\map\mid_mid_po.gif --> ftp.leveragetech.com /wwwroot/projects/centerline/live/web backup/06142002/wwwroot/images/map mid_mid_po.gif
2002.06.14 19:10 B C:\Inetpub\wwwroot\images\map\mid_mid_customer_view.gif --> ftp.leveragetech.com /wwwroot/projects/centerline/live/web backup/06142002/wwwroot/images/map mid_mid_customer_view.gif
2002.06.14 19:10 B C:\Inetpub\wwwroot\images\map\mid_mid_customer.gif --> ftp.leveragetech.com /wwwroot/projects/centerline/live/web backup/06142002/wwwroot/images/map mid_mid_customer.gif
2002.06.14 19:10 B C:\Inetpub\wwwroot\images\map\mid_mid_admin.gif --> ftp.leveragetech.com /wwwroot/projects/centerline/live/web backup/06142002/wwwroot/images/map mid_mid_admin.gif
2002.06.14 19:10 B C:\Inetpub\wwwroot\images\map\mid_mid.gif --> ftp.leveragetech.com /wwwroot/projects/centerline/live/web backup/06142002/wwwroot/images/map mid_mid.gif
2002.06.14 19:10 B C:\Inetpub\wwwroot\images\map\customer_view.gif --> ftp.leveragetech.com /wwwroot/projects/centerline/live/web backup/06142002/wwwroot/images/map customer_view.gif
2002.06.14 19:10 B C:\Inetpub\wwwroot\images\map\customer_add.gif --> ftp.leveragetech.com /wwwroot/projects/centerline/live/web backup/06142002/wwwroot/images/map customer_add.gif
2002.06.14 19:10 B C:\Inetpub\wwwroot\images\map\customer.gif --> ftp.leveragetech.com /wwwroot/projects/centerline/live/web backup/06142002/wwwroot/images/map customer.gif
2002.06.14 19:10 B C:\Inetpub\wwwroot\images\map\bottomTAG.gif --> ftp.leveragetech.com /wwwroot/projects/centerline/live/web backup/06142002/wwwroot/images/map bottomTAG.gif
2002.06.14 19:10 B C:\Inetpub\wwwroot\images\map\admin.gif --> ftp.leveragetech.com /wwwroot/projects/centerline/live/web backup/06142002/wwwroot/images/map admin.gif
