2002.02.13 21:54 B C:\Inetpub\wwwroot\images\form_select.gif <-- leverage /leverage/Htdocs/projects/centerline/live/images form_select.gif
2002.02.19 03:57 B C:\Inetpub\wwwroot\images\select_button.gif <-- leverage /leverage/Htdocs/projects/centerline/live/images select_button.gif
2002.06.14 19:10 B C:\Inetpub\wwwroot\images\WS_FTP.LOG --> ftp.leveragetech.com /wwwroot/projects/centerline/live/web backup/06142002/wwwroot/images WS_FTP.LOG
2002.06.14 19:10 B C:\Inetpub\wwwroot\images\select_button.gif --> ftp.leveragetech.com /wwwroot/projects/centerline/live/web backup/06142002/wwwroot/images select_button.gif
2002.06.14 19:10 B C:\Inetpub\wwwroot\images\form_select.gif --> ftp.leveragetech.com /wwwroot/projects/centerline/live/web backup/06142002/wwwroot/images form_select.gif
2002.06.14 19:10 B C:\Inetpub\wwwroot\images\edit_button.gif --> ftp.leveragetech.com /wwwroot/projects/centerline/live/web backup/06142002/wwwroot/images edit_button.gif
2002.06.14 19:10 B C:\Inetpub\wwwroot\images\print_sub_work_button.gif --> ftp.leveragetech.com /wwwroot/projects/centerline/live/web backup/06142002/wwwroot/images print_sub_work_button.gif
2002.06.14 19:10 B C:\Inetpub\wwwroot\images\print_po_button.gif --> ftp.leveragetech.com /wwwroot/projects/centerline/live/web backup/06142002/wwwroot/images print_po_button.gif
2002.06.14 19:10 B C:\Inetpub\wwwroot\images\refresh_button.gif --> ftp.leveragetech.com /wwwroot/projects/centerline/live/web backup/06142002/wwwroot/images refresh_button.gif
2002.06.14 19:10 B C:\Inetpub\wwwroot\images\print_css_button.gif --> ftp.leveragetech.com /wwwroot/projects/centerline/live/web backup/06142002/wwwroot/images print_css_button.gif
2002.06.14 19:10 B C:\Inetpub\wwwroot\images\css_logo.jpg --> ftp.leveragetech.com /wwwroot/projects/centerline/live/web backup/06142002/wwwroot/images css_logo.jpg
2002.06.14 19:10 B C:\Inetpub\wwwroot\images\viewpo.gif --> ftp.leveragetech.com /wwwroot/projects/centerline/live/web backup/06142002/wwwroot/images viewpo.gif
2002.06.14 19:10 B C:\Inetpub\wwwroot\images\view_log_button.gif --> ftp.leveragetech.com /wwwroot/projects/centerline/live/web backup/06142002/wwwroot/images view_log_button.gif
2002.06.14 19:10 B C:\Inetpub\wwwroot\images\view_button.gif --> ftp.leveragetech.com /wwwroot/projects/centerline/live/web backup/06142002/wwwroot/images view_button.gif
2002.06.14 19:11 B C:\Inetpub\wwwroot\images\title_top.gif --> ftp.leveragetech.com /wwwroot/projects/centerline/live/web backup/06142002/wwwroot/images title_top.gif
2002.06.14 19:11 B C:\Inetpub\wwwroot\images\title_right.gif --> ftp.leveragetech.com /wwwroot/projects/centerline/live/web backup/06142002/wwwroot/images title_right.gif
2002.06.14 19:11 B C:\Inetpub\wwwroot\images\small_title_top.gif --> ftp.leveragetech.com /wwwroot/projects/centerline/live/web backup/06142002/wwwroot/images small_title_top.gif
2002.06.14 19:11 B C:\Inetpub\wwwroot\images\small_title_right.gif --> ftp.leveragetech.com /wwwroot/projects/centerline/live/web backup/06142002/wwwroot/images small_title_right.gif
2002.06.14 19:11 B C:\Inetpub\wwwroot\images\save_button.gif --> ftp.leveragetech.com /wwwroot/projects/centerline/live/web backup/06142002/wwwroot/images save_button.gif
2002.06.14 19:11 B C:\Inetpub\wwwroot\images\print_button.gif --> ftp.leveragetech.com /wwwroot/projects/centerline/live/web backup/06142002/wwwroot/images print_button.gif
2002.06.14 19:11 B C:\Inetpub\wwwroot\images\print.gif --> ftp.leveragetech.com /wwwroot/projects/centerline/live/web backup/06142002/wwwroot/images print.gif
2002.06.14 19:11 B C:\Inetpub\wwwroot\images\prev25disable.gif --> ftp.leveragetech.com /wwwroot/projects/centerline/live/web backup/06142002/wwwroot/images prev25disable.gif
2002.06.14 19:11 B C:\Inetpub\wwwroot\images\prev25.gif --> ftp.leveragetech.com /wwwroot/projects/centerline/live/web backup/06142002/wwwroot/images prev25.gif
2002.06.14 19:11 B C:\Inetpub\wwwroot\images\next25diable.gif --> ftp.leveragetech.com /wwwroot/projects/centerline/live/web backup/06142002/wwwroot/images next25diable.gif
2002.06.14 19:11 B C:\Inetpub\wwwroot\images\next25.gif --> ftp.leveragetech.com /wwwroot/projects/centerline/live/web backup/06142002/wwwroot/images next25.gif
2002.06.14 19:11 B C:\Inetpub\wwwroot\images\menu_top.jpg --> ftp.leveragetech.com /wwwroot/projects/centerline/live/web backup/06142002/wwwroot/images menu_top.jpg
2002.06.14 19:11 B C:\Inetpub\wwwroot\images\menu_top.gif --> ftp.leveragetech.com /wwwroot/projects/centerline/live/web backup/06142002/wwwroot/images menu_top.gif
2002.06.14 19:11 B C:\Inetpub\wwwroot\images\menu_search.gif --> ftp.leveragetech.com /wwwroot/projects/centerline/live/web backup/06142002/wwwroot/images menu_search.gif
2002.06.14 19:11 B C:\Inetpub\wwwroot\images\menu_reports.gif --> ftp.leveragetech.com /wwwroot/projects/centerline/live/web backup/06142002/wwwroot/images menu_reports.gif
2002.06.14 19:11 B C:\Inetpub\wwwroot\images\menu_open.gif --> ftp.leveragetech.com /wwwroot/projects/centerline/live/web backup/06142002/wwwroot/images menu_open.gif
2002.06.14 19:11 B C:\Inetpub\wwwroot\images\menu_none.gif --> ftp.leveragetech.com /wwwroot/projects/centerline/live/web backup/06142002/wwwroot/images menu_none.gif
2002.06.14 19:11 B C:\Inetpub\wwwroot\images\menu_left.gif --> ftp.leveragetech.com /wwwroot/projects/centerline/live/web backup/06142002/wwwroot/images menu_left.gif
2002.06.14 19:11 B C:\Inetpub\wwwroot\images\menu_contacts.gif --> ftp.leveragetech.com /wwwroot/projects/centerline/live/web backup/06142002/wwwroot/images menu_contacts.gif
2002.06.14 19:11 B C:\Inetpub\wwwroot\images\menu_all.gif --> ftp.leveragetech.com /wwwroot/projects/centerline/live/web backup/06142002/wwwroot/images menu_all.gif
2002.06.14 19:11 B C:\Inetpub\wwwroot\images\form_delete.gif --> ftp.leveragetech.com /wwwroot/projects/centerline/live/web backup/06142002/wwwroot/images form_delete.gif
2002.06.14 19:11 B C:\Inetpub\wwwroot\images\edit_date_button.gif --> ftp.leveragetech.com /wwwroot/projects/centerline/live/web backup/06142002/wwwroot/images edit_date_button.gif
2002.06.14 19:11 B C:\Inetpub\wwwroot\images\close_button.gif --> ftp.leveragetech.com /wwwroot/projects/centerline/live/web backup/06142002/wwwroot/images close_button.gif
2002.06.14 19:11 B C:\Inetpub\wwwroot\images\clear_button.gif --> ftp.leveragetech.com /wwwroot/projects/centerline/live/web backup/06142002/wwwroot/images clear_button.gif
2002.06.14 19:11 B C:\Inetpub\wwwroot\images\centerline_logo_s.jpg --> ftp.leveragetech.com /wwwroot/projects/centerline/live/web backup/06142002/wwwroot/images centerline_logo_s.jpg
2002.06.14 19:11 B C:\Inetpub\wwwroot\images\centerline_logo.jpg --> ftp.leveragetech.com /wwwroot/projects/centerline/live/web backup/06142002/wwwroot/images centerline_logo.jpg
2002.06.14 19:11 B C:\Inetpub\wwwroot\images\back_button.gif --> ftp.leveragetech.com /wwwroot/projects/centerline/live/web backup/06142002/wwwroot/images back_button.gif
2002.06.14 19:11 B C:\Inetpub\wwwroot\images\add_entry_button.gif --> ftp.leveragetech.com /wwwroot/projects/centerline/live/web backup/06142002/wwwroot/images add_entry_button.gif
2002.06.14 19:11 B C:\Inetpub\wwwroot\images\add_button.gif --> ftp.leveragetech.com /wwwroot/projects/centerline/live/web backup/06142002/wwwroot/images add_button.gif
2002.06.14 19:11 B C:\Inetpub\wwwroot\images\add.gif --> ftp.leveragetech.com /wwwroot/projects/centerline/live/web backup/06142002/wwwroot/images add.gif
