2002.02.13 21:44 B C:\Inetpub\wwwroot\images\menu\menu_bottom_left_blank.gif <-- leverage /leverage/Htdocs/projects/centerline/live/images/menu menu_bottom_left_blank.gif
2002.06.14 19:08 B C:\Inetpub\wwwroot\images\menu\WS_FTP.LOG --> ftp.leveragetech.com /wwwroot/projects/centerline/live/web backup/06142002/wwwroot/images/menu WS_FTP.LOG
2002.06.14 19:08 B C:\Inetpub\wwwroot\images\menu\menu_bottom_left_blank.gif --> ftp.leveragetech.com /wwwroot/projects/centerline/live/web backup/06142002/wwwroot/images/menu menu_bottom_left_blank.gif
2002.06.14 19:08 B C:\Inetpub\wwwroot\images\menu\menu_supplier_middle.gif --> ftp.leveragetech.com /wwwroot/projects/centerline/live/web backup/06142002/wwwroot/images/menu menu_supplier_middle.gif
2002.06.14 19:08 B C:\Inetpub\wwwroot\images\menu\menu_sub_work_source_middle.gif --> ftp.leveragetech.com /wwwroot/projects/centerline/live/web backup/06142002/wwwroot/images/menu menu_sub_work_source_middle.gif
2002.06.14 19:08 B C:\Inetpub\wwwroot\images\menu\menu_shipping_method_middle.gif --> ftp.leveragetech.com /wwwroot/projects/centerline/live/web backup/06142002/wwwroot/images/menu menu_shipping_method_middle.gif
2002.06.14 19:08 B C:\Inetpub\wwwroot\images\menu\menu_project_type_middle.gif --> ftp.leveragetech.com /wwwroot/projects/centerline/live/web backup/06142002/wwwroot/images/menu menu_project_type_middle.gif
2002.06.14 19:08 B C:\Inetpub\wwwroot\images\menu\menu_project_priority_middle.gif --> ftp.leveragetech.com /wwwroot/projects/centerline/live/web backup/06142002/wwwroot/images/menu menu_project_priority_middle.gif
2002.06.14 19:08 B C:\Inetpub\wwwroot\images\menu\menu_products_middle.gif --> ftp.leveragetech.com /wwwroot/projects/centerline/live/web backup/06142002/wwwroot/images/menu menu_products_middle.gif
2002.06.14 19:08 B C:\Inetpub\wwwroot\images\menu\menu_parts_source_middle.gif --> ftp.leveragetech.com /wwwroot/projects/centerline/live/web backup/06142002/wwwroot/images/menu menu_parts_source_middle.gif
2002.06.14 19:08 B C:\Inetpub\wwwroot\images\menu\menu_inventory_transactions_middle.gif --> ftp.leveragetech.com /wwwroot/projects/centerline/live/web backup/06142002/wwwroot/images/menu menu_inventory_transactions_middle.gif
2002.06.14 19:08 B C:\Inetpub\wwwroot\images\menu\menu_employee_middle.gif --> ftp.leveragetech.com /wwwroot/projects/centerline/live/web backup/06142002/wwwroot/images/menu menu_employee_middle.gif
2002.06.14 19:08 B C:\Inetpub\wwwroot\images\menu\menu_delete_middle.gif --> ftp.leveragetech.com /wwwroot/projects/centerline/live/web backup/06142002/wwwroot/images/menu menu_delete_middle.gif
2002.06.14 19:08 B C:\Inetpub\wwwroot\images\menu\menu_bearings_source_middle.gif --> ftp.leveragetech.com /wwwroot/projects/centerline/live/web backup/06142002/wwwroot/images/menu menu_bearings_source_middle.gif
2002.06.14 19:08 B C:\Inetpub\wwwroot\images\menu\menu_product_category_middle.gif --> ftp.leveragetech.com /wwwroot/projects/centerline/live/web backup/06142002/wwwroot/images/menu menu_product_category_middle.gif
2002.06.14 19:08 B C:\Inetpub\wwwroot\images\menu\menu_work_order_off.gif --> ftp.leveragetech.com /wwwroot/projects/centerline/live/web backup/06142002/wwwroot/images/menu menu_work_order_off.gif
2002.06.14 19:08 B C:\Inetpub\wwwroot\images\menu\menu_spindle_off.gif --> ftp.leveragetech.com /wwwroot/projects/centerline/live/web backup/06142002/wwwroot/images/menu menu_spindle_off.gif
2002.06.14 19:08 B C:\Inetpub\wwwroot\images\menu\menu_reports_off.gif --> ftp.leveragetech.com /wwwroot/projects/centerline/live/web backup/06142002/wwwroot/images/menu menu_reports_off.gif
2002.06.14 19:08 B C:\Inetpub\wwwroot\images\menu\menu_quote_off.gif --> ftp.leveragetech.com /wwwroot/projects/centerline/live/web backup/06142002/wwwroot/images/menu menu_quote_off.gif
2002.06.14 19:08 B C:\Inetpub\wwwroot\images\menu\menu_project_off.gif --> ftp.leveragetech.com /wwwroot/projects/centerline/live/web backup/06142002/wwwroot/images/menu menu_project_off.gif
2002.06.14 19:08 B C:\Inetpub\wwwroot\images\menu\menu_po_off.gif --> ftp.leveragetech.com /wwwroot/projects/centerline/live/web backup/06142002/wwwroot/images/menu menu_po_off.gif
2002.06.14 19:08 B C:\Inetpub\wwwroot\images\menu\menu_customer_off.gif --> ftp.leveragetech.com /wwwroot/projects/centerline/live/web backup/06142002/wwwroot/images/menu menu_customer_off.gif
2002.06.14 19:08 B C:\Inetpub\wwwroot\images\menu\menu_work_order_on.gif --> ftp.leveragetech.com /wwwroot/projects/centerline/live/web backup/06142002/wwwroot/images/menu menu_work_order_on.gif
2002.06.14 19:08 B C:\Inetpub\wwwroot\images\menu\menu_top_middle.gif --> ftp.leveragetech.com /wwwroot/projects/centerline/live/web backup/06142002/wwwroot/images/menu menu_top_middle.gif
2002.06.14 19:08 B C:\Inetpub\wwwroot\images\menu\menu_top_left.gif --> ftp.leveragetech.com /wwwroot/projects/centerline/live/web backup/06142002/wwwroot/images/menu menu_top_left.gif
2002.06.14 19:08 B C:\Inetpub\wwwroot\images\menu\menu_top.gif --> ftp.leveragetech.com /wwwroot/projects/centerline/live/web backup/06142002/wwwroot/images/menu menu_top.gif
2002.06.14 19:08 B C:\Inetpub\wwwroot\images\menu\menu_spindle_on.gif --> ftp.leveragetech.com /wwwroot/projects/centerline/live/web backup/06142002/wwwroot/images/menu menu_spindle_on.gif
2002.06.14 19:08 B C:\Inetpub\wwwroot\images\menu\menu_reports_on.gif --> ftp.leveragetech.com /wwwroot/projects/centerline/live/web backup/06142002/wwwroot/images/menu menu_reports_on.gif
2002.06.14 19:08 B C:\Inetpub\wwwroot\images\menu\menu_quote_on.gif --> ftp.leveragetech.com /wwwroot/projects/centerline/live/web backup/06142002/wwwroot/images/menu menu_quote_on.gif
2002.06.14 19:08 B C:\Inetpub\wwwroot\images\menu\menu_project_on.gif --> ftp.leveragetech.com /wwwroot/projects/centerline/live/web backup/06142002/wwwroot/images/menu menu_project_on.gif
2002.06.14 19:08 B C:\Inetpub\wwwroot\images\menu\menu_po_on.gif --> ftp.leveragetech.com /wwwroot/projects/centerline/live/web backup/06142002/wwwroot/images/menu menu_po_on.gif
2002.06.14 19:08 B C:\Inetpub\wwwroot\images\menu\menu_main_menu_roll.gif --> ftp.leveragetech.com /wwwroot/projects/centerline/live/web backup/06142002/wwwroot/images/menu menu_main_menu_roll.gif
2002.06.14 19:08 B C:\Inetpub\wwwroot\images\menu\menu_main_menu_on.gif --> ftp.leveragetech.com /wwwroot/projects/centerline/live/web backup/06142002/wwwroot/images/menu menu_main_menu_on.gif
2002.06.14 19:08 B C:\Inetpub\wwwroot\images\menu\menu_main_menu_off.gif --> ftp.leveragetech.com /wwwroot/projects/centerline/live/web backup/06142002/wwwroot/images/menu menu_main_menu_off.gif
2002.06.14 19:08 B C:\Inetpub\wwwroot\images\menu\menu_main_menu.gif --> ftp.leveragetech.com /wwwroot/projects/centerline/live/web backup/06142002/wwwroot/images/menu menu_main_menu.gif
2002.06.14 19:08 B C:\Inetpub\wwwroot\images\menu\menu_left.gif --> ftp.leveragetech.com /wwwroot/projects/centerline/live/web backup/06142002/wwwroot/images/menu menu_left.gif
2002.06.14 19:08 B C:\Inetpub\wwwroot\images\menu\menu_icon_work_order.gif --> ftp.leveragetech.com /wwwroot/projects/centerline/live/web backup/06142002/wwwroot/images/menu menu_icon_work_order.gif
2002.06.14 19:08 B C:\Inetpub\wwwroot\images\menu\menu_icon_spindle.gif --> ftp.leveragetech.com /wwwroot/projects/centerline/live/web backup/06142002/wwwroot/images/menu menu_icon_spindle.gif
2002.06.14 19:08 B C:\Inetpub\wwwroot\images\menu\menu_icon_reports.gif --> ftp.leveragetech.com /wwwroot/projects/centerline/live/web backup/06142002/wwwroot/images/menu menu_icon_reports.gif
2002.06.14 19:08 B C:\Inetpub\wwwroot\images\menu\menu_icon_quote.gif --> ftp.leveragetech.com /wwwroot/projects/centerline/live/web backup/06142002/wwwroot/images/menu menu_icon_quote.gif
2002.06.14 19:08 B C:\Inetpub\wwwroot\images\menu\menu_icon_project.gif --> ftp.leveragetech.com /wwwroot/projects/centerline/live/web backup/06142002/wwwroot/images/menu menu_icon_project.gif
2002.06.14 19:08 B C:\Inetpub\wwwroot\images\menu\menu_icon_po.gif --> ftp.leveragetech.com /wwwroot/projects/centerline/live/web backup/06142002/wwwroot/images/menu menu_icon_po.gif
2002.06.14 19:08 B C:\Inetpub\wwwroot\images\menu\menu_icon_customer.gif --> ftp.leveragetech.com /wwwroot/projects/centerline/live/web backup/06142002/wwwroot/images/menu menu_icon_customer.gif
2002.06.14 19:08 B C:\Inetpub\wwwroot\images\menu\menu_icon_admin.gif --> ftp.leveragetech.com /wwwroot/projects/centerline/live/web backup/06142002/wwwroot/images/menu menu_icon_admin.gif
2002.06.14 19:08 B C:\Inetpub\wwwroot\images\menu\menu_customer_on.gif --> ftp.leveragetech.com /wwwroot/projects/centerline/live/web backup/06142002/wwwroot/images/menu menu_customer_on.gif
2002.06.14 19:08 B C:\Inetpub\wwwroot\images\menu\menu_bottom_search_top.gif --> ftp.leveragetech.com /wwwroot/projects/centerline/live/web backup/06142002/wwwroot/images/menu menu_bottom_search_top.gif
2002.06.14 19:08 B C:\Inetpub\wwwroot\images\menu\menu_bottom_search_left.gif --> ftp.leveragetech.com /wwwroot/projects/centerline/live/web backup/06142002/wwwroot/images/menu menu_bottom_search_left.gif
2002.06.14 19:09 B C:\Inetpub\wwwroot\images\menu\menu_bottom_search_bottom.gif --> ftp.leveragetech.com /wwwroot/projects/centerline/live/web backup/06142002/wwwroot/images/menu menu_bottom_search_bottom.gif
2002.06.14 19:09 B C:\Inetpub\wwwroot\images\menu\menu_bottom_right.gif --> ftp.leveragetech.com /wwwroot/projects/centerline/live/web backup/06142002/wwwroot/images/menu menu_bottom_right.gif
2002.06.14 19:09 B C:\Inetpub\wwwroot\images\menu\menu_bottom_middle.gif --> ftp.leveragetech.com /wwwroot/projects/centerline/live/web backup/06142002/wwwroot/images/menu menu_bottom_middle.gif
2002.06.14 19:09 B C:\Inetpub\wwwroot\images\menu\menu_bottom_left.gif --> ftp.leveragetech.com /wwwroot/projects/centerline/live/web backup/06142002/wwwroot/images/menu menu_bottom_left.gif
2002.06.14 19:09 B C:\Inetpub\wwwroot\images\menu\menu_bottom.gif --> ftp.leveragetech.com /wwwroot/projects/centerline/live/web backup/06142002/wwwroot/images/menu menu_bottom.gif
2002.06.14 19:09 B C:\Inetpub\wwwroot\images\menu\menu_admin_middle.gif --> ftp.leveragetech.com /wwwroot/projects/centerline/live/web backup/06142002/wwwroot/images/menu menu_admin_middle.gif
2002.06.14 19:09 B C:\Inetpub\wwwroot\images\menu\menu_admin_menu_on.gif --> ftp.leveragetech.com /wwwroot/projects/centerline/live/web backup/06142002/wwwroot/images/menu menu_admin_menu_on.gif
2002.06.14 19:09 B C:\Inetpub\wwwroot\images\menu\menu_admin_menu_off.gif --> ftp.leveragetech.com /wwwroot/projects/centerline/live/web backup/06142002/wwwroot/images/menu menu_admin_menu_off.gif
