2002.06.14 19:09 B C:\Inetpub\wwwroot\images\map old\bottomTAG.gif --> ftp.leveragetech.com /wwwroot/projects/centerline/live/web backup/06142002/wwwroot/images/map old bottomTAG.gif
2002.06.14 19:09 B C:\Inetpub\wwwroot\images\map old\work_order_view.gif --> ftp.leveragetech.com /wwwroot/projects/centerline/live/web backup/06142002/wwwroot/images/map old work_order_view.gif
2002.06.14 19:09 B C:\Inetpub\wwwroot\images\map old\work_order_add.gif --> ftp.leveragetech.com /wwwroot/projects/centerline/live/web backup/06142002/wwwroot/images/map old work_order_add.gif
2002.06.14 19:09 B C:\Inetpub\wwwroot\images\map old\work_order.gif --> ftp.leveragetech.com /wwwroot/projects/centerline/live/web backup/06142002/wwwroot/images/map old work_order.gif
2002.06.14 19:09 B C:\Inetpub\wwwroot\images\map old\spindle_view.gif --> ftp.leveragetech.com /wwwroot/projects/centerline/live/web backup/06142002/wwwroot/images/map old spindle_view.gif
2002.06.14 19:09 B C:\Inetpub\wwwroot\images\map old\spindle_add.gif --> ftp.leveragetech.com /wwwroot/projects/centerline/live/web backup/06142002/wwwroot/images/map old spindle_add.gif
2002.06.14 19:09 B C:\Inetpub\wwwroot\images\map old\spindle.gif --> ftp.leveragetech.com /wwwroot/projects/centerline/live/web backup/06142002/wwwroot/images/map old spindle.gif
2002.06.14 19:09 B C:\Inetpub\wwwroot\images\map old\reports.gif --> ftp.leveragetech.com /wwwroot/projects/centerline/live/web backup/06142002/wwwroot/images/map old reports.gif
2002.06.14 19:09 B C:\Inetpub\wwwroot\images\map old\quote_view.gif --> ftp.leveragetech.com /wwwroot/projects/centerline/live/web backup/06142002/wwwroot/images/map old quote_view.gif
2002.06.14 19:09 B C:\Inetpub\wwwroot\images\map old\quote_add.gif --> ftp.leveragetech.com /wwwroot/projects/centerline/live/web backup/06142002/wwwroot/images/map old quote_add.gif
2002.06.14 19:09 B C:\Inetpub\wwwroot\images\map old\quote.gif --> ftp.leveragetech.com /wwwroot/projects/centerline/live/web backup/06142002/wwwroot/images/map old quote.gif
2002.06.14 19:09 B C:\Inetpub\wwwroot\images\map old\project_view.gif --> ftp.leveragetech.com /wwwroot/projects/centerline/live/web backup/06142002/wwwroot/images/map old project_view.gif
2002.06.14 19:09 B C:\Inetpub\wwwroot\images\map old\project_add.gif --> ftp.leveragetech.com /wwwroot/projects/centerline/live/web backup/06142002/wwwroot/images/map old project_add.gif
2002.06.14 19:09 B C:\Inetpub\wwwroot\images\map old\project.gif --> ftp.leveragetech.com /wwwroot/projects/centerline/live/web backup/06142002/wwwroot/images/map old project.gif
2002.06.14 19:09 B C:\Inetpub\wwwroot\images\map old\po_view.gif --> ftp.leveragetech.com /wwwroot/projects/centerline/live/web backup/06142002/wwwroot/images/map old po_view.gif
2002.06.14 19:09 B C:\Inetpub\wwwroot\images\map old\po_add.gif --> ftp.leveragetech.com /wwwroot/projects/centerline/live/web backup/06142002/wwwroot/images/map old po_add.gif
2002.06.14 19:09 B C:\Inetpub\wwwroot\images\map old\po.gif --> ftp.leveragetech.com /wwwroot/projects/centerline/live/web backup/06142002/wwwroot/images/map old po.gif
2002.06.14 19:09 B C:\Inetpub\wwwroot\images\map old\mid_mid_work_order_view.gif --> ftp.leveragetech.com /wwwroot/projects/centerline/live/web backup/06142002/wwwroot/images/map old mid_mid_work_order_view.gif
2002.06.14 19:09 B C:\Inetpub\wwwroot\images\map old\mid_mid_work_order_add.gif --> ftp.leveragetech.com /wwwroot/projects/centerline/live/web backup/06142002/wwwroot/images/map old mid_mid_work_order_add.gif
2002.06.14 19:09 B C:\Inetpub\wwwroot\images\map old\mid_mid_work_order.gif --> ftp.leveragetech.com /wwwroot/projects/centerline/live/web backup/06142002/wwwroot/images/map old mid_mid_work_order.gif
2002.06.14 19:09 B C:\Inetpub\wwwroot\images\map old\mid_mid_spindle_view.gif --> ftp.leveragetech.com /wwwroot/projects/centerline/live/web backup/06142002/wwwroot/images/map old mid_mid_spindle_view.gif
2002.06.14 19:09 B C:\Inetpub\wwwroot\images\map old\mid_mid_spindle_add.gif --> ftp.leveragetech.com /wwwroot/projects/centerline/live/web backup/06142002/wwwroot/images/map old mid_mid_spindle_add.gif
2002.06.14 19:09 B C:\Inetpub\wwwroot\images\map old\mid_mid_spindle.gif --> ftp.leveragetech.com /wwwroot/projects/centerline/live/web backup/06142002/wwwroot/images/map old mid_mid_spindle.gif
2002.06.14 19:09 B C:\Inetpub\wwwroot\images\map old\mid_mid_reports.gif --> ftp.leveragetech.com /wwwroot/projects/centerline/live/web backup/06142002/wwwroot/images/map old mid_mid_reports.gif
2002.06.14 19:09 B C:\Inetpub\wwwroot\images\map old\mid_mid_quote_view.gif --> ftp.leveragetech.com /wwwroot/projects/centerline/live/web backup/06142002/wwwroot/images/map old mid_mid_quote_view.gif
2002.06.14 19:09 B C:\Inetpub\wwwroot\images\map old\mid_mid_quote_add.gif --> ftp.leveragetech.com /wwwroot/projects/centerline/live/web backup/06142002/wwwroot/images/map old mid_mid_quote_add.gif
2002.06.14 19:09 B C:\Inetpub\wwwroot\images\map old\mid_mid_quote.gif --> ftp.leveragetech.com /wwwroot/projects/centerline/live/web backup/06142002/wwwroot/images/map old mid_mid_quote.gif
2002.06.14 19:09 B C:\Inetpub\wwwroot\images\map old\mid_mid_project_view.gif --> ftp.leveragetech.com /wwwroot/projects/centerline/live/web backup/06142002/wwwroot/images/map old mid_mid_project_view.gif
2002.06.14 19:09 B C:\Inetpub\wwwroot\images\map old\mid_mid_project_add.gif --> ftp.leveragetech.com /wwwroot/projects/centerline/live/web backup/06142002/wwwroot/images/map old mid_mid_project_add.gif
2002.06.14 19:09 B C:\Inetpub\wwwroot\images\map old\mid_mid_project.gif --> ftp.leveragetech.com /wwwroot/projects/centerline/live/web backup/06142002/wwwroot/images/map old mid_mid_project.gif
2002.06.14 19:09 B C:\Inetpub\wwwroot\images\map old\mid_mid_po_view.gif --> ftp.leveragetech.com /wwwroot/projects/centerline/live/web backup/06142002/wwwroot/images/map old mid_mid_po_view.gif
2002.06.14 19:09 B C:\Inetpub\wwwroot\images\map old\mid_mid_po_add.gif --> ftp.leveragetech.com /wwwroot/projects/centerline/live/web backup/06142002/wwwroot/images/map old mid_mid_po_add.gif
2002.06.14 19:09 B C:\Inetpub\wwwroot\images\map old\mid_mid_po.gif --> ftp.leveragetech.com /wwwroot/projects/centerline/live/web backup/06142002/wwwroot/images/map old mid_mid_po.gif
2002.06.14 19:09 B C:\Inetpub\wwwroot\images\map old\mid_mid_customer_view.gif --> ftp.leveragetech.com /wwwroot/projects/centerline/live/web backup/06142002/wwwroot/images/map old mid_mid_customer_view.gif
2002.06.14 19:09 B C:\Inetpub\wwwroot\images\map old\mid_mid_customer_add.gif --> ftp.leveragetech.com /wwwroot/projects/centerline/live/web backup/06142002/wwwroot/images/map old mid_mid_customer_add.gif
2002.06.14 19:09 B C:\Inetpub\wwwroot\images\map old\mid_mid_customer.gif --> ftp.leveragetech.com /wwwroot/projects/centerline/live/web backup/06142002/wwwroot/images/map old mid_mid_customer.gif
2002.06.14 19:09 B C:\Inetpub\wwwroot\images\map old\mid_mid_admin.gif --> ftp.leveragetech.com /wwwroot/projects/centerline/live/web backup/06142002/wwwroot/images/map old mid_mid_admin.gif
2002.06.14 19:09 B C:\Inetpub\wwwroot\images\map old\mid_mid.gif --> ftp.leveragetech.com /wwwroot/projects/centerline/live/web backup/06142002/wwwroot/images/map old mid_mid.gif
2002.06.14 19:09 B C:\Inetpub\wwwroot\images\map old\customer_view.gif --> ftp.leveragetech.com /wwwroot/projects/centerline/live/web backup/06142002/wwwroot/images/map old customer_view.gif
2002.06.14 19:09 B C:\Inetpub\wwwroot\images\map old\customer_add.gif --> ftp.leveragetech.com /wwwroot/projects/centerline/live/web backup/06142002/wwwroot/images/map old customer_add.gif
2002.06.14 19:10 B C:\Inetpub\wwwroot\images\map old\customer.gif --> ftp.leveragetech.com /wwwroot/projects/centerline/live/web backup/06142002/wwwroot/images/map old customer.gif
2002.06.14 19:10 B C:\Inetpub\wwwroot\images\map old\admin.gif --> ftp.leveragetech.com /wwwroot/projects/centerline/live/web backup/06142002/wwwroot/images/map old admin.gif
